2026-02-05 18:14:44,789 [ERROR] AnomalyDetectionAPI: ❌ Failed to load model: No such file or directory: '\mnt\d\ALL Projects\Credit_Card\mlruns\1\models\m-840bd54ae7d8490389f99ea37190cb8d\artifacts\.'
2026-02-06 00:59:28,223 [ERROR] AnomalyDetectionAPI: ❌ Failed to load model: Registered Model with name=Credit_Fraud_Hybrid_Model not found
2026-02-06 02:09:03,619 [INFO] AnomalyDetectionAPI: ✅ MLflow Hybrid Model loaded successfully.
2026-02-06 02:15:02,697 [INFO] AnomalyDetectionAPI: ✅ MLflow Hybrid Model loaded successfully.
2026-02-06 02:16:21,386 [INFO] AnomalyDetectionAPI: ✅ MLflow Hybrid Model loaded successfully.
2026-02-06 02:20:28,431 [INFO] AnomalyDetectionAPI: ✅ MLflow Hybrid Model loaded successfully.
2026-02-06 02:44:32,739 [INFO] AnomalyDetectionAPI: ✅ MLflow Hybrid Model loaded successfully.
2026-02-06 03:20:25,090 [INFO] AnomalyDetectionAPI: ✅ MLflow Hybrid Model loaded successfully.
2026-02-07 00:36:38,716 [INFO] AnomalyDetectionAPI: ✅ MLflow Hybrid Model loaded successfully.
2026-02-07 00:49:11,143 [INFO] AnomalyDetectionAPI: ✅ MLflow Hybrid Model loaded successfully.
2026-02-07 01:14:54,739 [ERROR] AnomalyDetectionAPI: Prediction Error: Failed to enforce schema of data '     0     1     2     3     4    5     6     7     8     9     10    11    12    13    14    15    16   17   18    19    20    21    22    23    24    25    26    27    28   29
0  0.14  0.14  0.13  0.16  1.06  0.1  0.04  0.04  0.15  0.15  0.08  0.14  0.18  0.14  0.15  0.06  0.08  0.1  0.1  0.16  0.07  0.09  0.19  0.14  0.22  0.08  0.09  0.16  0.48  0.4' with schema '['Time': double (required), 'V1': double (required), 'V2': double (required), 'V3': double (required), 'V4': double (required), 'V5': double (required), 'V6': double (required), 'V7': double (required), 'V8': double (required), 'V9': double (required), 'V10': double (required), 'V11': double (required), 'V12': double (required), 'V13': double (required), 'V14': double (required), 'V15': double (required), 'V16': double (required), 'V17': double (required), 'V18': double (required), 'V19': double (required), 'V20': double (required), 'V21': double (required), 'V22': double (required), 'V23': double (required), 'V24': double (required), 'V25': double (required), 'V26': double (required), 'V27': double (required), 'V28': double (required), 'Amount': double (required)]'. Error: Model is missing inputs ['Time', 'V1', 'V2', 'V3', 'V4', 'V5', 'V6', 'V7', 'V8', 'V9', 'V10', 'V11', 'V12', 'V13', 'V14', 'V15', 'V16', 'V17', 'V18', 'V19', 'V20', 'V21', 'V22', 'V23', 'V24', 'V25', 'V26', 'V27', 'V28', 'Amount']. Note that there were extra inputs: [0, 1, 2, 3, 4, 5, 6, 7, 8, 9, 10, 11, 12, 13, 14, 15, 16, 17, 18, 19, 20, 21, 22, 23, 24, 25, 26, 27, 28, 29].
2026-02-07 01:17:39,419 [ERROR] AnomalyDetectionAPI: Prediction Error: Failed to enforce schema of data '     0     1     2     3     4    5     6     7     8     9     10    11    12    13    14    15    16   17   18    19    20    21    22    23    24    25    26    27    28   29
0  0.14  0.14  0.13  0.16  1.06  0.1  0.04  0.04  0.15  0.15  0.08  0.14  0.18  0.14  0.15  0.06  0.08  0.1  0.1  0.16  0.07  0.09  0.19  0.14  0.22  0.08  0.09  0.16  0.48  0.4' with schema '['Time': double (required), 'V1': double (required), 'V2': double (required), 'V3': double (required), 'V4': double (required), 'V5': double (required), 'V6': double (required), 'V7': double (required), 'V8': double (required), 'V9': double (required), 'V10': double (required), 'V11': double (required), 'V12': double (required), 'V13': double (required), 'V14': double (required), 'V15': double (required), 'V16': double (required), 'V17': double (required), 'V18': double (required), 'V19': double (required), 'V20': double (required), 'V21': double (required), 'V22': double (required), 'V23': double (required), 'V24': double (required), 'V25': double (required), 'V26': double (required), 'V27': double (required), 'V28': double (required), 'Amount': double (required)]'. Error: Model is missing inputs ['Time', 'V1', 'V2', 'V3', 'V4', 'V5', 'V6', 'V7', 'V8', 'V9', 'V10', 'V11', 'V12', 'V13', 'V14', 'V15', 'V16', 'V17', 'V18', 'V19', 'V20', 'V21', 'V22', 'V23', 'V24', 'V25', 'V26', 'V27', 'V28', 'Amount']. Note that there were extra inputs: [0, 1, 2, 3, 4, 5, 6, 7, 8, 9, 10, 11, 12, 13, 14, 15, 16, 17, 18, 19, 20, 21, 22, 23, 24, 25, 26, 27, 28, 29].
2026-02-07 01:17:47,939 [ERROR] AnomalyDetectionAPI: Prediction Error: Failed to enforce schema of data '     0     1     2     3     4    5     6     7     8     9     10    11    12    13    14    15    16   17   18    19    20    21    22    23    24    25    26    27    28   29
0  0.14  0.14  0.13  0.16  1.06  0.1  0.04  0.04  0.15  0.15  0.08  0.14  0.18  0.14  0.15  0.06  0.08  0.1  0.1  0.16  0.07  0.09  0.19  0.14  0.22  0.08  0.09  0.16  0.48  0.4' with schema '['Time': double (required), 'V1': double (required), 'V2': double (required), 'V3': double (required), 'V4': double (required), 'V5': double (required), 'V6': double (required), 'V7': double (required), 'V8': double (required), 'V9': double (required), 'V10': double (required), 'V11': double (required), 'V12': double (required), 'V13': double (required), 'V14': double (required), 'V15': double (required), 'V16': double (required), 'V17': double (required), 'V18': double (required), 'V19': double (required), 'V20': double (required), 'V21': double (required), 'V22': double (required), 'V23': double (required), 'V24': double (required), 'V25': double (required), 'V26': double (required), 'V27': double (required), 'V28': double (required), 'Amount': double (required)]'. Error: Model is missing inputs ['Time', 'V1', 'V2', 'V3', 'V4', 'V5', 'V6', 'V7', 'V8', 'V9', 'V10', 'V11', 'V12', 'V13', 'V14', 'V15', 'V16', 'V17', 'V18', 'V19', 'V20', 'V21', 'V22', 'V23', 'V24', 'V25', 'V26', 'V27', 'V28', 'Amount']. Note that there were extra inputs: [0, 1, 2, 3, 4, 5, 6, 7, 8, 9, 10, 11, 12, 13, 14, 15, 16, 17, 18, 19, 20, 21, 22, 23, 24, 25, 26, 27, 28, 29].
2026-02-07 01:22:10,576 [INFO] AnomalyDetectionAPI: ✅ MLflow Hybrid Model loaded successfully.
2026-02-07 01:26:43,532 [INFO] AnomalyDetectionAPI: ID: d57f91bb-3f6b-448a-b2b7-b839e59cdeab | Pred: 0 | Time: 367.74ms
2026-02-07 02:11:12,819 [INFO] AnomalyDetectionAPI: ✅ MLflow Hybrid Model loaded successfully.
2026-02-07 02:14:18,534 [INFO] AnomalyDetectionAPI: ID: c27e44c6-c30b-4217-b9c7-0c62d27ad53e | Pred: 0 | Time: 374.13ms
2026-02-07 02:18:44,743 [INFO] AnomalyDetectionAPI: ✅ MLflow Hybrid Model loaded successfully.
2026-02-07 02:26:56,717 [INFO] AnomalyDetectionAPI: ✅ MLflow Hybrid Model loaded successfully.
2026-02-07 02:40:34,232 [INFO] AnomalyDetectionAPI: ID: 13ed1303-b874-47af-8754-2ab55a2cba8d | Pred: 1 | Time: 435.04ms
2026-02-07 02:47:48,916 [INFO] AnomalyDetectionAPI: ID: 96ee496e-40d1-4de0-9287-62890b67aea9 | Pred: 0 | Time: 41.88ms
2026-02-07 02:48:26,210 [INFO] AnomalyDetectionAPI: ✅ MLflow Hybrid Model loaded successfully.
2026-02-07 02:53:36,726 [INFO] AnomalyDetectionAPI: ID: da6b2f43-2bb1-439e-9471-a461dbeb8904 | Pred: 1 | Time: 680.65ms
2026-02-07 03:18:49,115 [INFO] AnomalyDetectionAPI: ✅ MLflow Hybrid Model loaded successfully.
